Log file open, 10/24/20 13:24:22
LogInit: Display: Running engine for game: A_Fragmentary_Past
LogPlatformFile: Not using cached read wrapper
LogTaskGraph: Started task graph with 5 named threads and 14 total threads with 3 sets of task threads.
LogStats: Stats thread started at 0.434202
LogD3D11RHI: Loaded GFSDK_Aftermath_Lib.x64.dll
LogICUInternationalization: ICU TimeZone Detection - Raw Offset: -5:00, Platform Override: ''
LogPluginManager: Mounting plugin Paper2D
LogPluginManager: Mounting plugin AISupport
LogPluginManager: Mounting plugin LightPropagationVolume
LogPluginManager: Mounting plugin CameraShakePreviewer
LogPluginManager: Mounting plugin ActorLayerUtilities
LogPluginManager: Mounting plugin AnimationSharing
LogPluginManager: Mounting plugin CLionSourceCodeAccess
LogPluginManager: Mounting plugin CodeLiteSourceCodeAccess
LogPluginManager: Mounting plugin GitSourceControl
LogPluginManager: Mounting plugin KDevelopSourceCodeAccess
LogPluginManager: Mounting plugin NullSourceCodeAccess
LogPluginManager: Mounting plugin PerforceSourceControl
LogPluginManager: Mounting plugin PlasticSourceControl
LogPluginManager: Mounting plugin RiderSourceCodeAccess
LogPluginManager: Mounting plugin SubversionSourceControl
LogPluginManager: Mounting plugin UObjectPlugin
LogPluginManager: Mounting plugin VisualStudioCodeSourceCodeAccess
LogPluginManager: Mounting plugin VisualStudioSourceCodeAccess
LogPluginManager: Mounting plugin XCodeSourceCodeAccess
LogPluginManager: Mounting plugin AssetManagerEditor
LogPluginManager: Mounting plugin CryptoKeys
LogPluginManager: Mounting plugin CurveEditorTools
LogPluginManager: Mounting plugin DataValidation
LogPluginManager: Mounting plugin EditorScriptingUtilities
LogPluginManager: Mounting plugin FacialAnimation
LogPluginManager: Mounting plugin GameplayTagsEditor
LogPluginManager: Mounting plugin GeometryMode
LogPluginManager: Mounting plugin MacGraphicsSwitching
LogPluginManager: Mounting plugin MaterialAnalyzer
LogPluginManager: Mounting plugin MobileLauncherProfileWizard
LogPluginManager: Mounting plugin PluginBrowser
LogPluginManager: Mounting plugin SpeedTreeImporter
LogPluginManager: Mounting plugin DatasmithContent
LogPluginManager: Mounting plugin VariantManagerContent
LogPluginManager: Mounting plugin AlembicImporter
LogPluginManager: Mounting plugin AutomationUtils
LogPluginManager: Mounting plugin BackChannel
LogPluginManager: Mounting plugin ChaosCloth
LogPluginManager: Mounting plugin ChaosClothEditor
LogPluginManager: Mounting plugin ChaosEditor
LogPluginManager: Mounting plugin ChaosNiagara
LogPluginManager: Mounting plugin ChaosSolverPlugin
LogPluginManager: Mounting plugin CharacterAI
LogPluginManager: Mounting plugin GeometryCache
LogPluginManager: Mounting plugin GeometryCollectionPlugin
LogPluginManager: Mounting plugin GeometryProcessing
LogPluginManager: Mounting plugin PlanarCut
LogPluginManager: Mounting plugin PlatformCrypto
LogPluginManager: Mounting plugin ProxyLODPlugin
LogPluginManager: Mounting plugin SkeletalReduction
LogPluginManager: Mounting plugin Niagara
LogPluginManager: Mounting plugin MagicLeap
LogPluginManager: Mounting plugin MagicLeapLightEstimation
LogPluginManager: Mounting plugin MagicLeapMedia
LogPluginManager: Mounting plugin MagicLeapPassableWorld
LogPluginManager: Mounting plugin MLSDK
LogPluginManager: Mounting plugin LDAssistant
LogPluginManager: Mounting plugin AndroidMedia
LogPluginManager: Mounting plugin AvfMedia
LogPluginManager: Mounting plugin ImgMedia
LogPluginManager: Mounting plugin MediaCompositing
LogPluginManager: Mounting plugin MediaPlayerEditor
LogPluginManager: Mounting plugin WebMMedia
LogPluginManager: Mounting plugin WmfMedia
LogPluginManager: Mounting plugin MeshPainting
LogPluginManager: Mounting plugin TcpMessaging
LogPluginManager: Mounting plugin UdpMessaging
LogPluginManager: Mounting plugin ActorSequence
LogPluginManager: Mounting plugin LevelSequenceEditor
LogPluginManager: Mounting plugin MatineeToLevelSequence
LogPluginManager: Mounting plugin MovieRenderPipeline
LogPluginManager: Mounting plugin TemplateSequence
LogPluginManager: Mounting plugin NetcodeUnitTest
LogPluginManager: Mounting plugin NUTUnrealEngine4
LogPluginManager: Mounting plugin OnlineSubsystemGooglePlay
LogPluginManager: Mounting plugin OnlineSubsystemIOS
LogPluginManager: Mounting plugin OnlineSubsystem
LogPluginManager: Mounting plugin OnlineSubsystemNull
LogPluginManager: Mounting plugin OnlineSubsystemUtils
LogPluginManager: Mounting plugin LauncherChunkInstaller
LogPluginManager: Mounting plugin AndroidDeviceProfileSelector
LogPluginManager: Mounting plugin AndroidMoviePlayer
LogPluginManager: Mounting plugin AndroidPermission
LogPluginManager: Mounting plugin AppleImageUtils
LogPluginManager: Mounting plugin AppleMoviePlayer
LogPluginManager: Mounting plugin ArchVisCharacter
LogPluginManager: Mounting plugin AssetTags
LogPluginManager: Mounting plugin AudioCapture
LogPluginManager: Mounting plugin CableComponent
LogPluginManager: Mounting plugin CustomMeshComponent
LogPluginManager: Mounting plugin EditableMesh
LogPluginManager: Mounting plugin ExampleDeviceProfileSelector
LogPluginManager: Mounting plugin GoogleCloudMessaging
LogPluginManager: Mounting plugin GooglePAD
LogPluginManager: Mounting plugin IOSDeviceProfileSelector
LogPluginManager: Mounting plugin LinuxDeviceProfileSelector
LogPluginManager: Mounting plugin LocationServicesBPLibrary
LogPluginManager: Mounting plugin MobilePatchingUtils
LogPluginManager: Mounting plugin OculusVR
LogPluginManager: Mounting plugin PhysXVehicles
LogPluginManager: Mounting plugin PostSplashScreen
LogPluginManager: Mounting plugin ProceduralMeshComponent
LogPluginManager: Mounting plugin RuntimePhysXCooking
LogPluginManager: Mounting plugin SignificanceManager
LogPluginManager: Mounting plugin SoundFields
LogPluginManager: Mounting plugin SteamVR
LogPluginManager: Mounting plugin Synthesis
LogPluginManager: Mounting plugin WebMMoviePlayer
LogPluginManager: Mounting plugin WindowsMoviePlayer
LogPluginManager: Mounting plugin ScreenshotTools
LogInit: Using libcurl 7.55.1-DEV
LogInit:  - built for x86_64-pc-win32
LogInit:  - supports SSL with OpenSSL/1.1.1
LogInit:  - supports HTTP deflate (compression) using libz 1.2.8
LogInit:  - other features:
LogInit:      CURL_VERSION_SSL
LogInit:      CURL_VERSION_LIBZ
LogInit:      CURL_VERSION_IPV6
LogInit:      CURL_VERSION_ASYNCHDNS
LogInit:      CURL_VERSION_LARGEFILE
LogInit:      CURL_VERSION_IDN
LogInit:  CurlRequestOptions (configurable via config and command line):
LogInit:  - bVerifyPeer = true  - Libcurl will verify peer certificate
LogInit:  - bUseHttpProxy = false  - Libcurl will NOT use HTTP proxy
LogInit:  - bDontReuseConnections = false  - Libcurl will reuse connections
LogInit:  - MaxHostConnections = 16  - Libcurl will limit the number of connections to a host
LogInit:  - LocalHostAddr = Default
LogInit:  - BufferSize = 65536
LogOnline: OSS: Creating online subsystem instance for: NULL
LogInit: WinSock: version 1.1 (2.2), MaxSocks=32767, MaxUdp=65467
LogOnline: OSS: TryLoadSubsystemAndSetDefault: Loaded subsystem for module [NULL]
LogInit: Build: ++UE4+Release-4.25-CL-13942748
LogInit: Engine Version: 4.25.3-13942748+++UE4+Release-4.25
LogInit: Compatible Engine Version: 4.25.0-13144385+++UE4+Release-4.25
LogInit: Net CL: 13144385
LogInit: OS: Windows 10 (Release 2004) (), CPU: Intel(R) Core(TM) i5-6600K CPU @ 3.50GHz, GPU: NVIDIA GeForce GTX 1060 6GB
LogInit: Compiled (64-bit): Jul 25 2020 02:07:48
LogInit: Compiled with Visual C++: 19.24.28315.00
LogInit: Build Configuration: Development
LogInit: Branch Name: ++UE4+Release-4.25
LogInit: Command Line:  -skipcompile
LogInit: Base Directory: D:/UE_4.25/Engine/Binaries/Win64/
LogInit: Allocator: TBB
LogInit: Installed Engine Build: 1
LogDevObjectVersion: Number of dev versions registered: 26
LogDevObjectVersion:   Dev-Blueprints (B0D832E4-1F89-4F0D-ACCF-7EB736FD4AA2): 10
LogDevObjectVersion:   Dev-Build (E1C64328-A22C-4D53-A36C-8E866417BD8C): 0
LogDevObjectVersion:   Dev-Core (375EC13C-06E4-48FB-B500-84F0262A717E): 4
LogDevObjectVersion:   Dev-Editor (E4B068ED-F494-42E9-A231-DA0B2E46BB41): 38
LogDevObjectVersion:   Dev-Framework (CFFC743F-43B0-4480-9391-14DF171D2073): 37
LogDevObjectVersion:   Dev-Mobile (B02B49B5-BB20-44E9-A304-32B752E40360): 2
LogDevObjectVersion:   Dev-Networking (A4E4105C-59A1-49B5-A7C5-40C4547EDFEE): 0
LogDevObjectVersion:   Dev-Online (39C831C9-5AE6-47DC-9A44-9C173E1C8E7C): 0
LogDevObjectVersion:   Dev-Physics (78F01B33-EBEA-4F98-B9B4-84EACCB95AA2): 4
LogDevObjectVersion:   Dev-Platform (6631380F-2D4D-43E0-8009-CF276956A95A): 0
LogDevObjectVersion:   Dev-Rendering (12F88B9F-8875-4AFC-A67C-D90C383ABD29): 43
LogDevObjectVersion:   Dev-Sequencer (7B5AE74C-D270-4C10-A958-57980B212A5A): 12
LogDevObjectVersion:   Dev-VR (D7296918-1DD6-4BDD-9DE2-64A83CC13884): 3
LogDevObjectVersion:   Dev-LoadTimes (C2A15278-BFE7-4AFE-6C17-90FF531DF755): 1
LogDevObjectVersion:   Private-Geometry (6EACA3D4-40EC-4CC1-B786-8BED09428FC5): 3
LogDevObjectVersion:   Dev-AnimPhys (29E575DD-E0A3-4627-9D10-D276232CDCEA): 17
LogDevObjectVersion:   Dev-Anim (AF43A65D-7FD3-4947-9873-3E8ED9C1BB05): 7
LogDevObjectVersion:   Dev-ReflectionCapture (6B266CEC-1EC7-4B8F-A30B-E4D90942FC07): 1
LogDevObjectVersion:   Dev-Automation (0DF73D61-A23F-47EA-B727-89E90C41499A): 1
LogDevObjectVersion:   FortniteMain (601D1886-AC64-4F84-AA16-D3DE0DEAC7D6): 31
LogDevObjectVersion:   Dev-Enterprise (9DFFBCD6-494F-0158-E221-12823C92A888): 10
LogDevObjectVersion:   Dev-Niagara (F2AED0AC-9AFE-416F-8664-AA7FFA26D6FC): 1
LogDevObjectVersion:   Dev-Destruction (174F1F0B-B4C6-45A5-B13F-2EE8D0FB917D): 10
LogDevObjectVersion:   Dev-Physics-Ext (35F94A83-E258-406C-A318-09F59610247C): 37
LogDevObjectVersion:   Dev-PhysicsMaterial-Chaos (B68FC16E-8B1B-42E2-B453-215C058844FE): 1
LogDevObjectVersion:   Dev-CineCamera (B2E18506-4273-CFC2-A54E-F4BB758BBA07): 1
LogInit: Presizing for max 25165824 objects, including 0 objects not considered by GC, pre-allocating 0 bytes for permanent pool.
LogConfig: Applying CVar settings from Section [/Script/Engine.StreamingSettings] File [C:/Users/congc/Desktop/A_Fragmentary_Past/Saved/Config/Windows/Engine.ini]
LogConfig: Setting CVar [[s.MinBulkDataSizeForAsyncLoading:131072]]
LogConfig: Setting CVar [[s.AsyncLoadingThreadEnabled:0]]
LogConfig: Setting CVar [[s.EventDrivenLoaderEnabled:1]]
LogConfig: Setting CVar [[s.WarnIfTimeLimitExceeded:0]]
LogConfig: Setting CVar [[s.TimeLimitExceededMultiplier:1.5]]
LogConfig: Setting CVar [[s.TimeLimitExceededMinTime:0.005]]
LogConfig: Setting CVar [[s.UseBackgroundLevelStreaming:1]]
LogConfig: Setting CVar [[s.PriorityAsyncLoadingExtraTime:15.0]]
LogConfig: Setting CVar [[s.LevelStreamingActorsUpdateTimeLimit:5.0]]
LogConfig: Setting CVar [[s.PriorityLevelStreamingActorsUpdateExtraTime:5.0]]
LogConfig: Setting CVar [[s.LevelStreamingComponentsRegistrationGranularity:10]]
LogConfig: Setting CVar [[s.UnregisterComponentsTimeLimit:1.0]]
LogConfig: Setting CVar [[s.LevelStreamingComponentsUnregistrationGranularity:5]]
LogConfig: Setting CVar [[s.FlushStreamingOnExit:1]]
LogInit: Object subsystem initialized
LogConfig: Setting CVar [[con.DebugEarlyDefault:1]]
LogConfig: Setting CVar [[r.setres:1280x720]]
[2020.10.24-17.24.24:131][  0]LogConfig: Setting CVar [[r.VSync:0]]
[2020.10.24-17.24.24:131][  0]LogConfig: Setting CVar [[r.RHICmdBypass:0]]
[2020.10.24-17.24.24:131][  0]LogConfig: Applying CVar settings from Section [/Script/Engine.RendererSettings] File [C:/Users/congc/Desktop/A_Fragmentary_Past/Saved/Config/Windows/Engine.ini]
[2020.10.24-17.24.24:131][  0]LogConfig: Setting CVar [[r.GPUCrashDebugging:0]]
[2020.10.24-17.24.24:131][  0]LogConfig: Applying CVar settings from Section [/Script/Engine.RendererOverrideSettings] File [C:/Users/congc/Desktop/A_Fragmentary_Past/Saved/Config/Windows/Engine.ini]
[2020.10.24-17.24.24:131][  0]LogConfig: Applying CVar settings from Section [/Script/Engine.StreamingSettings] File [C:/Users/congc/Desktop/A_Fragmentary_Past/Saved/Config/Windows/Engine.ini]
[2020.10.24-17.24.24:131][  0]LogConfig: Setting CVar [[s.MinBulkDataSizeForAsyncLoading:131072]]
[2020.10.24-17.24.24:131][  0]LogConfig: Setting CVar [[s.AsyncLoadingThreadEnabled:0]]
[2020.10.24-17.24.24:131][  0]LogConfig: Setting CVar [[s.EventDrivenLoaderEnabled:1]]
[2020.10.24-17.24.24:131][  0]LogConfig: Setting CVar [[s.WarnIfTimeLimitExceeded:0]]
[2020.10.24-17.24.24:131][  0]LogConfig: Setting CVar [[s.TimeLimitExceededMultiplier:1.5]]
[2020.10.24-17.24.24:131][  0]LogConfig: Setting CVar [[s.TimeLimitExceededMinTime:0.005]]
[2020.10.24-17.24.24:131][  0]LogConfig: Setting CVar [[s.UseBackgroundLevelStreaming:1]]
[2020.10.24-17.24.24:131][  0]LogConfig: Setting CVar [[s.PriorityAsyncLoadingExtraTime:15.0]]
[2020.10.24-17.24.24:131][  0]LogConfig: Setting CVar [[s.LevelStreamingActorsUpdateTimeLimit:5.0]]
[2020.10.24-17.24.24:132][  0]LogConfig: Setting CVar [[s.PriorityLevelStreamingActorsUpdateExtraTime:5.0]]
[2020.10.24-17.24.24:132][  0]LogConfig: Setting CVar [[s.LevelStreamingComponentsRegistrationGranularity:10]]
[2020.10.24-17.24.24:132][  0]LogConfig: Setting CVar [[s.UnregisterComponentsTimeLimit:1.0]]
[2020.10.24-17.24.24:132][  0]LogConfig: Setting CVar [[s.LevelStreamingComponentsUnregistrationGranularity:5]]
[2020.10.24-17.24.24:132][  0]LogConfig: Setting CVar [[s.FlushStreamingOnExit:1]]
[2020.10.24-17.24.24:132][  0]LogConfig: Applying CVar settings from Section [/Script/Engine.GarbageCollectionSettings] File [C:/Users/congc/Desktop/A_Fragmentary_Past/Saved/Config/Windows/Engine.ini]
[2020.10.24-17.24.24:132][  0]LogConfig: Setting CVar [[gc.MaxObjectsNotConsideredByGC:1]]
[2020.10.24-17.24.24:132][  0]LogConfig: Setting CVar [[gc.SizeOfPermanentObjectPool:0]]
[2020.10.24-17.24.24:132][  0]LogConfig: Setting CVar [[gc.FlushStreamingOnGC:0]]
[2020.10.24-17.24.24:132][  0]LogConfig: Setting CVar [[gc.NumRetriesBeforeForcingGC:10]]
[2020.10.24-17.24.24:132][  0]LogConfig: Setting CVar [[gc.AllowParallelGC:1]]
[2020.10.24-17.24.24:132][  0]LogConfig: Setting CVar [[gc.TimeBetweenPurgingPendingKillObjects:61.1]]
[2020.10.24-17.24.24:132][  0]LogConfig: Setting CVar [[gc.MaxObjectsInEditor:25165824]]
[2020.10.24-17.24.24:132][  0]LogConfig: Setting CVar [[gc.IncrementalBeginDestroyEnabled:1]]
[2020.10.24-17.24.24:132][  0]LogConfig: Setting CVar [[gc.CreateGCClusters:1]]
[2020.10.24-17.24.24:132][  0]LogConfig: Setting CVar [[gc.MinGCClusterSize:5]]
[2020.10.24-17.24.24:133][  0]LogConfig: Setting CVar [[gc.ActorClusteringEnabled:0]]
[2020.10.24-17.24.24:133][  0]LogConfig: Setting CVar [[gc.BlueprintClusteringEnabled:0]]
[2020.10.24-17.24.24:133][  0]LogConfig: Setting CVar [[gc.UseDisregardForGCOnDedicatedServers:0]]
[2020.10.24-17.24.24:133][  0]LogConfig: Applying CVar settings from Section [/Script/Engine.NetworkSettings] File [C:/Users/congc/Desktop/A_Fragmentary_Past/Saved/Config/Windows/Engine.ini]
[2020.10.24-17.24.24:133][  0]LogConfig: Applying CVar settings from Section [/Script/UnrealEd.CookerSettings] File [C:/Users/congc/Desktop/A_Fragmentary_Past/Saved/Config/Windows/Engine.ini]
[2020.10.24-17.24.24:140][  0]LogConfig: Applying CVar settings from Section [ViewDistanceQuality@3] File [C:/Users/congc/Desktop/A_Fragmentary_Past/Saved/Config/Windows/Scalability.ini]
[2020.10.24-17.24.24:140][  0]LogConfig: Setting CVar [[r.SkeletalMeshLODBias:0]]
[2020.10.24-17.24.24:140][  0]LogConfig: Setting CVar [[r.ViewDistanceScale:1.0]]
[2020.10.24-17.24.24:140][  0]LogConfig: Applying CVar settings from Section [AntiAliasingQuality@3] File [C:/Users/congc/Desktop/A_Fragmentary_Past/Saved/Config/Windows/Scalability.ini]
[2020.10.24-17.24.24:140][  0]LogConfig: Setting CVar [[r.PostProcessAAQuality:4]]
[2020.10.24-17.24.24:140][  0]LogConfig: Applying CVar settings from Section [ShadowQuality@3] File [C:/Users/congc/Desktop/A_Fragmentary_Past/Saved/Config/Windows/Scalability.ini]
[2020.10.24-17.24.24:140][  0]LogConfig: Setting CVar [[r.LightFunctionQuality:1]]
[2020.10.24-17.24.24:140][  0]LogConfig: Setting CVar [[r.ShadowQuality:5]]
[2020.10.24-17.24.24:140][  0]LogConfig: Setting CVar [[r.Shadow.CSM.MaxCascades:10]]
[2020.10.24-17.24.24:140][  0]LogConfig: Setting CVar [[r.Shadow.MaxResolution:2048]]
[2020.10.24-17.24.24:140][  0]LogConfig: Setting CVar [[r.Shadow.MaxCSMResolution:2048]]
[2020.10.24-17.24.24:141][  0]LogConfig: Setting CVar [[r.Shadow.RadiusThreshold:0.01]]
[2020.10.24-17.24.24:141][  0]LogConfig: Setting CVar [[r.Shadow.DistanceScale:1.0]]
[2020.10.24-17.24.24:141][  0]LogConfig: Setting CVar [[r.Shadow.CSM.TransitionScale:1.0]]
[2020.10.24-17.24.24:141][  0]LogConfig: Setting CVar [[r.Shadow.PreShadowResolutionFactor:1.0]]
[2020.10.24-17.24.24:141][  0]LogConfig: Setting CVar [[r.DistanceFieldShadowing:1]]
[2020.10.24-17.24.24:141][  0]LogConfig: Setting CVar [[r.DistanceFieldAO:1]]
[2020.10.24-17.24.24:141][  0]LogConfig: Setting CVar [[r.AOQuality:2]]
[2020.10.24-17.24.24:141][  0]LogConfig: Setting CVar [[r.VolumetricFog:1]]
[2020.10.24-17.24.24:141][  0]LogConfig: Setting CVar [[r.VolumetricFog.GridPixelSize:8]]
[2020.10.24-17.24.24:141][  0]LogConfig: Setting CVar [[r.VolumetricFog.GridSizeZ:128]]
[2020.10.24-17.24.24:141][  0]LogConfig: Setting CVar [[r.VolumetricFog.HistoryMissSupersampleCount:4]]
[2020.10.24-17.24.24:141][  0]LogConfig: Setting CVar [[r.LightMaxDrawDistanceScale:1]]
[2020.10.24-17.24.24:141][  0]LogConfig: Setting CVar [[r.CapsuleShadows:1]]
[2020.10.24-17.24.24:141][  0]LogConfig: Applying CVar settings from Section [PostProcessQuality@3] File [C:/Users/congc/Desktop/A_Fragmentary_Past/Saved/Config/Windows/Scalability.ini]
[2020.10.24-17.24.24:141][  0]LogConfig: Setting CVar [[r.MotionBlurQuality:4]]
[2020.10.24-17.24.24:141][  0]LogConfig: Setting CVar [[r.AmbientOcclusionMipLevelFactor:0.4]]
[2020.10.24-17.24.24:141][  0]LogConfig: Setting CVar [[r.AmbientOcclusionMaxQuality:100]]
[2020.10.24-17.24.24:142][  0]LogConfig: Setting CVar [[r.AmbientOcclusionLevels:-1]]
[2020.10.24-17.24.24:142][  0]LogConfig: Setting CVar [[r.AmbientOcclusionRadiusScale:1.0]]
[2020.10.24-17.24.24:142][  0]LogConfig: Setting CVar [[r.DepthOfFieldQuality:2]]
[2020.10.24-17.24.24:142][  0]LogConfig: Setting CVar [[r.RenderTargetPoolMin:400]]
[2020.10.24-17.24.24:142][  0]LogConfig: Setting CVar [[r.LensFlareQuality:2]]
[2020.10.24-17.24.24:142][  0]LogConfig: Setting CVar [[r.SceneColorFringeQuality:1]]
[2020.10.24-17.24.24:142][  0]LogConfig: Setting CVar [[r.EyeAdaptationQuality:2]]
[2020.10.24-17.24.24:142][  0]LogConfig: Setting CVar [[r.BloomQuality:5]]
[2020.10.24-17.24.24:142][  0]LogConfig: Setting CVar [[r.FastBlurThreshold:100]]
[2020.10.24-17.24.24:142][  0]LogConfig: Setting CVar [[r.Upscale.Quality:3]]
[2020.10.24-17.24.24:142][  0]LogConfig: Setting CVar [[r.Tonemapper.GrainQuantization:1]]
[2020.10.24-17.24.24:142][  0]LogConfig: Setting CVar [[r.LightShaftQuality:1]]
[2020.10.24-17.24.24:142][  0]LogConfig: Setting CVar [[r.Filter.SizeScale:1]]
[2020.10.24-17.24.24:142][  0]LogConfig: Setting CVar [[r.Tonemapper.Quality:5]]
[2020.10.24-17.24.24:142][  0]LogConfig: Setting CVar [[r.DOF.Gather.AccumulatorQuality:1        ; higher gathering accumulator quality]]
[2020.10.24-17.24.24:142][  0]LogConfig: Setting CVar [[r.DOF.Gather.PostfilterMethod:1          ; Median3x3 postfilering method]]
[2020.10.24-17.24.24:142][  0]LogConfig: Setting CVar [[r.DOF.Gather.EnableBokehSettings:0       ; no bokeh simulation when gathering]]
[2020.10.24-17.24.24:142][  0]LogConfig: Setting CVar [[r.DOF.Gather.RingCount:4                 ; medium number of samples when gathering]]
[2020.10.24-17.24.24:142][  0]LogConfig: Setting CVar [[r.DOF.Scatter.ForegroundCompositing:1    ; additive foreground scattering]]
[2020.10.24-17.24.24:142][  0]LogConfig: Setting CVar [[r.DOF.Scatter.BackgroundCompositing:2    ; additive background scattering]]
[2020.10.24-17.24.24:142][  0]LogConfig: Setting CVar [[r.DOF.Scatter.EnableBokehSettings:1      ; bokeh simulation when scattering]]
[2020.10.24-17.24.24:142][  0]LogConfig: Setting CVar [[r.DOF.Scatter.MaxSpriteRatio:0.1         ; only a maximum of 10% of scattered bokeh]]
[2020.10.24-17.24.24:142][  0]LogConfig: Setting CVar [[r.DOF.Recombine.Quality:1                ; cheap slight out of focus]]
[2020.10.24-17.24.24:142][  0]LogConfig: Setting CVar [[r.DOF.Recombine.EnableBokehSettings:0    ; no bokeh simulation on slight out of focus]]
[2020.10.24-17.24.24:142][  0]LogConfig: Setting CVar [[r.DOF.TemporalAAQuality:1                ; more stable temporal accumulation]]
[2020.10.24-17.24.24:142][  0]LogConfig: Setting CVar [[r.DOF.Kernel.MaxForegroundRadius:0.025]]
[2020.10.24-17.24.24:143][  0]LogConfig: Setting CVar [[r.DOF.Kernel.MaxBackgroundRadius:0.025]]
[2020.10.24-17.24.24:143][  0]LogConfig: Applying CVar settings from Section [TextureQuality@3] File [C:/Users/congc/Desktop/A_Fragmentary_Past/Saved/Config/Windows/Scalability.ini]
[2020.10.24-17.24.24:143][  0]LogConfig: Setting CVar [[r.Streaming.MipBias:0]]
[2020.10.24-17.24.24:143][  0]LogConfig: Setting CVar [[r.Streaming.AmortizeCPUToGPUCopy:0]]
[2020.10.24-17.24.24:143][  0]LogConfig: Setting CVar [[r.Streaming.MaxNumTexturesToStreamPerFrame:0]]
[2020.10.24-17.24.24:143][  0]LogConfig: Setting CVar [[r.Streaming.Boost:1]]
[2020.10.24-17.24.24:143][  0]LogConfig: Setting CVar [[r.MaxAnisotropy:8]]
[2020.10.24-17.24.24:143][  0]LogConfig: Setting CVar [[r.VT.MaxAnisotropy:8]]
[2020.10.24-17.24.24:143][  0]LogConfig: Setting CVar [[r.Streaming.LimitPoolSizeToVRAM:0]]
[2020.10.24-17.24.24:143][  0]LogConfig: Setting CVar [[r.Streaming.PoolSize:1000]]
[2020.10.24-17.24.24:143][  0]LogConfig: Setting CVar [[r.Streaming.MaxEffectiveScreenSize:0]]
[2020.10.24-17.24.24:143][  0]LogConfig: Applying CVar settings from Section [EffectsQuality@3] File [C:/Users/congc/Desktop/A_Fragmentary_Past/Saved/Config/Windows/Scalability.ini]
[2020.10.24-17.24.24:143][  0]LogConfig: Setting CVar [[r.TranslucencyLightingVolumeDim:64]]
[2020.10.24-17.24.24:143][  0]LogConfig: Setting CVar [[r.RefractionQuality:2]]
[2020.10.24-17.24.24:143][  0]LogConfig: Setting CVar [[r.SSR.Quality:3]]
[2020.10.24-17.24.24:143][  0]LogConfig: Setting CVar [[r.SSR.HalfResSceneColor:0]]
[2020.10.24-17.24.24:143][  0]LogConfig: Setting CVar [[r.SceneColorFormat:4]]
[2020.10.24-17.24.24:143][  0]LogConfig: Setting CVar [[r.DetailMode:2]]
[2020.10.24-17.24.24:143][  0]LogConfig: Setting CVar [[r.TranslucencyVolumeBlur:1]]
[2020.10.24-17.24.24:143][  0]LogConfig: Setting CVar [[r.MaterialQualityLevel:1 ; High quality]]
[2020.10.24-17.24.24:144][  0]LogConfig: Setting CVar [[r.SSS.Scale:1]]
[2020.10.24-17.24.24:144][  0]LogConfig: Setting CVar [[r.SSS.SampleSet:2]]
[2020.10.24-17.24.24:144][  0]LogConfig: Setting CVar [[r.SSS.Quality:1]]
[2020.10.24-17.24.24:144][  0]LogConfig: Setting CVar [[r.SSS.HalfRes:0]]
[2020.10.24-17.24.24:144][  0]LogConfig: Setting CVar [[r.SSGI.Quality:3]]
[2020.10.24-17.24.24:144][  0]LogConfig: Setting CVar [[r.EmitterSpawnRateScale:1.0]]
[2020.10.24-17.24.24:144][  0]LogConfig: Setting CVar [[r.ParticleLightQuality:2]]
[2020.10.24-17.24.24:144][  0]LogConfig: Setting CVar [[r.SkyAtmosphere.AerialPerspectiveLUT.FastApplyOnOpaque:1 ; Always have FastSkyLUT 1 in this case to avoid wrong sky]]
[2020.10.24-17.24.24:144][  0]LogConfig: Setting CVar [[r.SkyAtmosphere.AerialPerspectiveLUT.SampleCountPerSlice:1]]
[2020.10.24-17.24.24:144][  0]LogConfig: Setting CVar [[r.SkyAtmosphere.AerialPerspectiveLUT.DepthResolution:16.0]]
[2020.10.24-17.24.24:144][  0]LogConfig: Setting CVar [[r.SkyAtmosphere.FastSkyLUT:1]]
[2020.10.24-17.24.24:144][  0]LogConfig: Setting CVar [[r.SkyAtmosphere.FastSkyLUT.SampleCountMin:4.0]]
[2020.10.24-17.24.24:144][  0]LogConfig: Setting CVar [[r.SkyAtmosphere.FastSkyLUT.SampleCountMax:32.0]]
[2020.10.24-17.24.24:144][  0]LogConfig: Setting CVar [[r.SkyAtmosphere.SampleCountMin:4.0]]
[2020.10.24-17.24.24:144][  0]LogConfig: Setting CVar [[r.SkyAtmosphere.SampleCountMax:32.0]]
[2020.10.24-17.24.24:144][  0]LogConfig: Setting CVar [[r.SkyAtmosphere.TransmittanceLUT.UseSmallFormat:0]]
[2020.10.24-17.24.24:144][  0]LogConfig: Setting CVar [[r.SkyAtmosphere.TransmittanceLUT.SampleCount:10.0]]
[2020.10.24-17.24.24:144][  0]LogConfig: Setting CVar [[r.SkyAtmosphere.MultiScatteringLUT.SampleCount:15.0]]
[2020.10.24-17.24.24:144][  0]LogConfig: Applying CVar settings from Section [FoliageQuality@3] File [C:/Users/congc/Desktop/A_Fragmentary_Past/Saved/Config/Windows/Scalability.ini]
[2020.10.24-17.24.24:144][  0]LogConfig: Setting CVar [[foliage.DensityScale:1.0]]
[2020.10.24-17.24.24:144][  0]LogConfig: Setting CVar [[grass.DensityScale:1.0]]
[2020.10.24-17.24.24:144][  0]LogConfig: Applying CVar settings from Section [ShadingQuality@3] File [C:/Users/congc/Desktop/A_Fragmentary_Past/Saved/Config/Windows/Scalability.ini]
[2020.10.24-17.24.24:144][  0]LogConfig: Setting CVar [[r.HairStrands.SkyLighting.SampleCount:16]]
[2020.10.24-17.24.24:144][  0]LogConfig: Setting CVar [[r.HairStrands.SkyLighting.JitterIntegration:0]]
[2020.10.24-17.24.24:144][  0]LogConfig: Setting CVar [[r.HairStrands.SkyAO.SampleCount:16]]
[2020.10.24-17.24.24:144][  0]LogConfig: Setting CVar [[r.HairStrands.DeepShadow.SuperSampling:0]]
[2020.10.24-17.24.24:145][  0]LogConfig: Setting CVar [[r.HairStrands.VisibilityPPLL:0]]
[2020.10.24-17.24.24:145][  0]LogConfig: Setting CVar [[r.HairStrands.RasterizationScale:0.5]]
[2020.10.24-17.24.24:145][  0]LogConfig: Setting CVar [[r.HairStrands.VelocityRasterizationScale:1]]
[2020.10.24-17.24.24:145][  0]LogInit: Selected Device Profile: [Windows]
[2020.10.24-17.24.24:145][  0]LogInit: Applying CVar settings loaded from the selected device profile: [Windows]
[2020.10.24-17.24.24:145][  0]LogHAL: Display: Platform has ~ 16 GB [17094225920 / 17179869184 / 16], which maps to Larger [LargestMinGB=32, LargerMinGB=12, DefaultMinGB=8, SmallerMinGB=6, SmallestMinGB=0)
[2020.10.24-17.24.24:145][  0]LogInit: Going up to parent DeviceProfile []
[2020.10.24-17.24.24:145][  0]LogConfig: Applying CVar settings from Section [ViewDistanceQuality@3] File [C:/Users/congc/Desktop/A_Fragmentary_Past/Saved/Config/Windows/Scalability.ini]
[2020.10.24-17.24.24:145][  0]LogConfig: Setting CVar [[r.SkeletalMeshLODBias:0]]
[2020.10.24-17.24.24:145][  0]LogConfig: Setting CVar [[r.ViewDistanceScale:1.0]]
[2020.10.24-17.24.24:145][  0]LogConfig: Applying CVar settings from Section [AntiAliasingQuality@3] File [C:/Users/congc/Desktop/A_Fragmentary_Past/Saved/Config/Windows/Scalability.ini]
[2020.10.24-17.24.24:145][  0]LogConfig: Setting CVar [[r.PostProcessAAQuality:4]]
[2020.10.24-17.24.24:145][  0]LogConfig: Applying CVar settings from Section [ShadowQuality@3] File [C:/Users/congc/Desktop/A_Fragmentary_Past/Saved/Config/Windows/Scalability.ini]
[2020.10.24-17.24.24:145][  0]LogConfig: Setting CVar [[r.LightFunctionQuality:1]]
[2020.10.24-17.24.24:145][  0]LogConfig: Setting CVar [[r.ShadowQuality:5]]
[2020.10.24-17.24.24:145][  0]LogConfig: Setting CVar [[r.Shadow.CSM.MaxCascades:10]]
[2020.10.24-17.24.24:145][  0]LogConfig: Setting CVar [[r.Shadow.MaxResolution:2048]]
[2020.10.24-17.24.24:145][  0]LogConfig: Setting CVar [[r.Shadow.MaxCSMResolution:2048]]
[2020.10.24-17.24.24:145][  0]LogConfig: Setting CVar [[r.Shadow.RadiusThreshold:0.01]]
[2020.10.24-17.24.24:145][  0]LogConfig: Setting CVar [[r.Shadow.DistanceScale:1.0]]
[2020.10.24-17.24.24:146][  0]LogConfig: Setting CVar [[r.Shadow.CSM.TransitionScale:1.0]]
[2020.10.24-17.24.24:146][  0]LogConfig: Setting CVar [[r.Shadow.PreShadowResolutionFactor:1.0]]
[2020.10.24-17.24.24:146][  0]LogConfig: Setting CVar [[r.DistanceFieldShadowing:1]]
[2020.10.24-17.24.24:146][  0]LogConfig: Setting CVar [[r.DistanceFieldAO:1]]
[2020.10.24-17.24.24:146][  0]LogConfig: Setting CVar [[r.AOQuality:2]]
[2020.10.24-17.24.24:146][  0]LogConfig: Setting CVar [[r.VolumetricFog:1]]
[2020.10.24-17.24.24:146][  0]LogConfig: Setting CVar [[r.VolumetricFog.GridPixelSize:8]]
[2020.10.24-17.24.24:146][  0]LogConfig: Setting CVar [[r.VolumetricFog.GridSizeZ:128]]
[2020.10.24-17.24.24:146][  0]LogConfig: Setting CVar [[r.VolumetricFog.HistoryMissSupersampleCount:4]]
[2020.10.24-17.24.24:146][  0]LogConfig: Setting CVar [[r.LightMaxDrawDistanceScale:1]]
[2020.10.24-17.24.24:146][  0]LogConfig: Setting CVar [[r.CapsuleShadows:1]]
[2020.10.24-17.24.24:146][  0]LogConfig: Applying CVar settings from Section [PostProcessQuality@3] File [C:/Users/congc/Desktop/A_Fragmentary_Past/Saved/Config/Windows/Scalability.ini]
[2020.10.24-17.24.24:146][  0]LogConfig: Setting CVar [[r.MotionBlurQuality:4]]
[2020.10.24-17.24.24:146][  0]LogConfig: Setting CVar [[r.AmbientOcclusionMipLevelFactor:0.4]]
[2020.10.24-17.24.24:146][  0]LogConfig: Setting CVar [[r.AmbientOcclusionMaxQuality:100]]
[2020.10.24-17.24.24:146][  0]LogConfig: Setting CVar [[r.AmbientOcclusionLevels:-1]]
[2020.10.24-17.24.24:146][  0]LogConfig: Setting CVar [[r.AmbientOcclusionRadiusScale:1.0]]
[2020.10.24-17.24.24:146][  0]LogConfig: Setting CVar [[r.DepthOfFieldQuality:2]]
[2020.10.24-17.24.24:146][  0]LogConfig: Setting CVar [[r.RenderTargetPoolMin:400]]
[2020.10.24-17.24.24:146][  0]LogConfig: Setting CVar [[r.LensFlareQuality:2]]
[2020.10.24-17.24.24:146][  0]LogConfig: Setting CVar [[r.SceneColorFringeQuality:1]]
[2020.10.24-17.24.24:146][  0]LogConfig: Setting CVar [[r.EyeAdaptationQuality:2]]
[2020.10.24-17.24.24:146][  0]LogConfig: Setting CVar [[r.BloomQuality:5]]
[2020.10.24-17.24.24:146][  0]LogConfig: Setting CVar [[r.FastBlurThreshold:100]]
[2020.10.24-17.24.24:146][  0]LogConfig: Setting CVar [[r.Upscale.Quality:3]]
[2020.10.24-17.24.24:146][  0]LogConfig: Setting CVar [[r.Tonemapper.GrainQuantization:1]]
[2020.10.24-17.24.24:147][  0]LogConfig: Setting CVar [[r.LightShaftQuality:1]]
[2020.10.24-17.24.24:147][  0]LogConfig: Setting CVar [[r.Filter.SizeScale:1]]
[2020.10.24-17.24.24:147][  0]LogConfig: Setting CVar [[r.Tonemapper.Quality:5]]
[2020.10.24-17.24.24:147][  0]LogConfig: Setting CVar [[r.DOF.Gather.AccumulatorQuality:1        ; higher gathering accumulator quality]]
[2020.10.24-17.24.24:147][  0]LogConfig: Setting CVar [[r.DOF.Gather.PostfilterMethod:1          ; Median3x3 postfilering method]]
[2020.10.24-17.24.24:147][  0]LogConfig: Setting CVar [[r.DOF.Gather.EnableBokehSettings:0       ; no bokeh simulation when gathering]]
[2020.10.24-17.24.24:147][  0]LogConfig: Setting CVar [[r.DOF.Gather.RingCount:4                 ; medium number of samples when gathering]]
[2020.10.24-17.24.24:147][  0]LogConfig: Setting CVar [[r.DOF.Scatter.ForegroundCompositing:1    ; additive foreground scattering]]
[2020.10.24-17.24.24:147][  0]LogConfig: Setting CVar [[r.DOF.Scatter.BackgroundCompositing:2    ; additive background scattering]]
[2020.10.24-17.24.24:147][  0]LogConfig: Setting CVar [[r.DOF.Scatter.EnableBokehSettings:1      ; bokeh simulation when scattering]]
[2020.10.24-17.24.24:147][  0]LogConfig: Setting CVar [[r.DOF.Scatter.MaxSpriteRatio:0.1         ; only a maximum of 10% of scattered bokeh]]
[2020.10.24-17.24.24:147][  0]LogConfig: Setting CVar [[r.DOF.Recombine.Quality:1                ; cheap slight out of focus]]
[2020.10.24-17.24.24:147][  0]LogConfig: Setting CVar [[r.DOF.Recombine.EnableBokehSettings:0    ; no bokeh simulation on slight out of focus]]
[2020.10.24-17.24.24:147][  0]LogConfig: Setting CVar [[r.DOF.TemporalAAQuality:1                ; more stable temporal accumulation]]
[2020.10.24-17.24.24:147][  0]LogConfig: Setting CVar [[r.DOF.Kernel.MaxForegroundRadius:0.025]]
[2020.10.24-17.24.24:147][  0]LogConfig: Setting CVar [[r.DOF.Kernel.MaxBackgroundRadius:0.025]]
[2020.10.24-17.24.24:147][  0]LogConfig: Applying CVar settings from Section [TextureQuality@3] File [C:/Users/congc/Desktop/A_Fragmentary_Past/Saved/Config/Windows/Scalability.ini]
[2020.10.24-17.24.24:147][  0]LogConfig: Setting CVar [[r.Streaming.MipBias:0]]
[2020.10.24-17.24.24:147][  0]LogConfig: Setting CVar [[r.Streaming.AmortizeCPUToGPUCopy:0]]
[2020.10.24-17.24.24:148][  0]LogConfig: Setting CVar [[r.Streaming.MaxNumTexturesToStreamPerFrame:0]]
[2020.10.24-17.24.24:148][  0]LogConfig: Setting CVar [[r.Streaming.Boost:1]]
[2020.10.24-17.24.24:148][  0]LogConfig: Setting CVar [[r.MaxAnisotropy:8]]
[2020.10.24-17.24.24:148][  0]LogConfig: Setting CVar [[r.VT.MaxAnisotropy:8]]
[2020.10.24-17.24.24:148][  0]LogConfig: Setting CVar [[r.Streaming.LimitPoolSizeToVRAM:0]]
[2020.10.24-17.24.24:148][  0]LogConfig: Setting CVar [[r.Streaming.PoolSize:1000]]
[2020.10.24-17.24.24:148][  0]LogConfig: Setting CVar [[r.Streaming.MaxEffectiveScreenSize:0]]
[2020.10.24-17.24.24:148][  0]LogConfig: Applying CVar settings from Section [EffectsQuality@3] File [C:/Users/congc/Desktop/A_Fragmentary_Past/Saved/Config/Windows/Scalability.ini]
[2020.10.24-17.24.24:148][  0]LogConfig: Setting CVar [[r.TranslucencyLightingVolumeDim:64]]
[2020.10.24-17.24.24:148][  0]LogConfig: Setting CVar [[r.RefractionQuality:2]]
[2020.10.24-17.24.24:148][  0]LogConfig: Setting CVar [[r.SSR.Quality:3]]
[2020.10.24-17.24.24:148][  0]LogConfig: Setting CVar [[r.SSR.HalfResSceneColor:0]]
[2020.10.24-17.24.24:148][  0]LogConfig: Setting CVar [[r.SceneColorFormat:4]]
[2020.10.24-17.24.24:148][  0]LogConfig: Setting CVar [[r.DetailMode:2]]
[2020.10.24-17.24.24:148][  0]LogConfig: Setting CVar [[r.TranslucencyVolumeBlur:1]]
[2020.10.24-17.24.24:148][  0]LogConfig: Setting CVar [[r.MaterialQualityLevel:1 ; High quality]]
[2020.10.24-17.24.24:148][  0]LogConfig: Setting CVar [[r.SSS.Scale:1]]
[2020.10.24-17.24.24:148][  0]LogConfig: Setting CVar [[r.SSS.SampleSet:2]]
[2020.10.24-17.24.24:148][  0]LogConfig: Setting CVar [[r.SSS.Quality:1]]
[2020.10.24-17.24.24:148][  0]LogConfig: Setting CVar [[r.SSS.HalfRes:0]]
[2020.10.24-17.24.24:148][  0]LogConfig: Setting CVar [[r.SSGI.Quality:3]]
[2020.10.24-17.24.24:148][  0]LogConfig: Setting CVar [[r.EmitterSpawnRateScale:1.0]]
[2020.10.24-17.24.24:148][  0]LogConfig: Setting CVar [[r.ParticleLightQuality:2]]
[2020.10.24-17.24.24:148][  0]LogConfig: Setting CVar [[r.SkyAtmosphere.AerialPerspectiveLUT.FastApplyOnOpaque:1 ; Always have FastSkyLUT 1 in this case to avoid wrong sky]]
[2020.10.24-17.24.24:148][  0]LogConfig: Setting CVar [[r.SkyAtmosphere.AerialPerspectiveLUT.SampleCountPerSlice:1]]
[2020.10.24-17.24.24:149][  0]LogConfig: Setting CVar [[r.SkyAtmosphere.AerialPerspectiveLUT.DepthResolution:16.0]]
[2020.10.24-17.24.24:149][  0]LogConfig: Setting CVar [[r.SkyAtmosphere.FastSkyLUT:1]]
[2020.10.24-17.24.24:149][  0]LogConfig: Setting CVar [[r.SkyAtmosphere.FastSkyLUT.SampleCountMin:4.0]]
[2020.10.24-17.24.24:149][  0]LogConfig: Setting CVar [[r.SkyAtmosphere.FastSkyLUT.SampleCountMax:32.0]]
[2020.10.24-17.24.24:149][  0]LogConfig: Setting CVar [[r.SkyAtmosphere.SampleCountMin:4.0]]
[2020.10.24-17.24.24:149][  0]LogConfig: Setting CVar [[r.SkyAtmosphere.SampleCountMax:32.0]]
[2020.10.24-17.24.24:149][  0]LogConfig: Setting CVar [[r.SkyAtmosphere.TransmittanceLUT.UseSmallFormat:0]]
[2020.10.24-17.24.24:149][  0]LogConfig: Setting CVar [[r.SkyAtmosphere.TransmittanceLUT.SampleCount:10.0]]
[2020.10.24-17.24.24:149][  0]LogConfig: Setting CVar [[r.SkyAtmosphere.MultiScatteringLUT.SampleCount:15.0]]
[2020.10.24-17.24.24:149][  0]LogConfig: Applying CVar settings from Section [FoliageQuality@3] File [C:/Users/congc/Desktop/A_Fragmentary_Past/Saved/Config/Windows/Scalability.ini]
[2020.10.24-17.24.24:149][  0]LogConfig: Setting CVar [[foliage.DensityScale:1.0]]
[2020.10.24-17.24.24:149][  0]LogConfig: Setting CVar [[grass.DensityScale:1.0]]
[2020.10.24-17.24.24:149][  0]LogConfig: Applying CVar settings from Section [ShadingQuality@3] File [C:/Users/congc/Desktop/A_Fragmentary_Past/Saved/Config/Windows/Scalability.ini]
[2020.10.24-17.24.24:149][  0]LogConfig: Setting CVar [[r.HairStrands.SkyLighting.SampleCount:16]]
[2020.10.24-17.24.24:149][  0]LogConfig: Setting CVar [[r.HairStrands.SkyLighting.JitterIntegration:0]]
[2020.10.24-17.24.24:149][  0]LogConfig: Setting CVar [[r.HairStrands.SkyAO.SampleCount:16]]
[2020.10.24-17.24.24:149][  0]LogConfig: Setting CVar [[r.HairStrands.DeepShadow.SuperSampling:0]]
[2020.10.24-17.24.24:149][  0]LogConfig: Setting CVar [[r.HairStrands.VisibilityPPLL:0]]
[2020.10.24-17.24.24:149][  0]LogConfig: Setting CVar [[r.HairStrands.RasterizationScale:0.5]]
[2020.10.24-17.24.24:149][  0]LogConfig: Setting CVar [[r.HairStrands.VelocityRasterizationScale:1]]
[2020.10.24-17.24.24:149][  0]LogConfig: Applying CVar settings from Section [Startup] File [../../../Engine/Config/ConsoleVariables.ini]
[2020.10.24-17.24.24:150][  0]LogConfig: Setting CVar [[net.UseAdaptiveNetUpdateFrequency:0]]
[2020.10.24-17.24.24:150][  0]LogConfig: Setting CVar [[p.chaos.AllowCreatePhysxBodies:1]]
[2020.10.24-17.24.24:150][  0]LogConfig: Setting CVar [[fx.SkipVectorVMBackendOptimizations:1]]
[2020.10.24-17.24.24:150][  0]LogConfig: Applying CVar settings from Section [ConsoleVariables] File [C:/Users/congc/Desktop/A_Fragmentary_Past/Saved/Config/Windows/Engine.ini]
[2020.10.24-17.24.24:150][  0]LogInit: Computer: DESKTOP-AHTPKEK
[2020.10.24-17.24.24:150][  0]LogInit: User: congc
[2020.10.24-17.24.24:150][  0]LogInit: CPU Page size=4096, Cores=4
[2020.10.24-17.24.24:150][  0]LogInit: High frequency timer resolution =10.000000 MHz
[2020.10.24-17.24.24:151][  0]LogMemory: Memory total: Physical=15.9GB (16GB approx)
[2020.10.24-17.24.24:151][  0]LogMemory: Platform Memory Stats for Windows
[2020.10.24-17.24.24:151][  0]LogMemory: Process Physical Memory: 115.89 MB used, 115.90 MB peak
[2020.10.24-17.24.24:151][  0]LogMemory: Process Virtual Memory: 97.45 MB used, 97.45 MB peak
[2020.10.24-17.24.24:151][  0]LogMemory: Physical Memory: 10932.68 MB used,  5369.64 MB free, 16302.32 MB total
[2020.10.24-17.24.24:151][  0]LogMemory: Virtual Memory: 5130.68 MB used,  134212600.00 MB free, 134217728.00 MB total
[2020.10.24-17.24.24:164][  0]LogWindows: WindowsPlatformFeatures enabled
[2020.10.24-17.24.25:092][  0]LogInit: Physics initialised using underlying interface: PhysX
[2020.10.24-17.24.25:101][  0]LogInit: Using OS detected language (en-US).
[2020.10.24-17.24.25:101][  0]LogInit: Using OS detected locale (en-US).
[2020.10.24-17.24.25:106][  0]LogTextLocalizationManager: No specific localization for 'en-US' exists, so the 'en' localization will be used.
[2020.10.24-17.24.25:653][  0]LogInit: Setting process to per monitor DPI aware
[2020.10.24-17.24.25:886][  0]LogSlate: New Slate User Created.  User Index 0, Is Virtual User: 0
[2020.10.24-17.24.25:886][  0]LogSlate: Slate User Registered.  User Index 0, Is Virtual User: 0
[2020.10.24-17.24.26:760][  0]LogHMD: Failed to initialize OpenVR with code 110
[2020.10.24-17.24.26:760][  0]LogD3D11RHI: D3D11 min allowed feature level: 11_0
[2020.10.24-17.24.26:760][  0]LogD3D11RHI: D3D11 max allowed feature level: 11_0
[2020.10.24-17.24.26:760][  0]LogD3D11RHI: D3D11 adapters:
[2020.10.24-17.24.26:875][  0]LogD3D11RHI:    0. 'NVIDIA GeForce GTX 1060 6GB' (Feature Level 11_0)
[2020.10.24-17.24.26:875][  0]LogD3D11RHI:       6052/0/8151 MB DedicatedVideo/DedicatedSystem/SharedSystem, Outputs:1, VendorId:0x10de
[2020.10.24-17.24.26:885][  0]LogD3D11RHI:    1. 'Microsoft Basic Render Driver' (Feature Level 11_0)
[2020.10.24-17.24.26:885][  0]LogD3D11RHI:       0/0/8151 MB DedicatedVideo/DedicatedSystem/SharedSystem, Outputs:0, VendorId:0x1414
[2020.10.24-17.24.26:885][  0]LogD3D11RHI: Chosen D3D11 Adapter: 0
[2020.10.24-17.24.26:894][  0]LogD3D11RHI: Creating new Direct3DDevice
[2020.10.24-17.24.26:895][  0]LogD3D11RHI:     GPU DeviceId: 0x1c03 (for the marketing name, search the web for "GPU Device Id")
[2020.10.24-17.24.26:895][  0]LogWindows: EnumDisplayDevices:
[2020.10.24-17.24.26:895][  0]LogWindows:    0. 'NVIDIA GeForce GTX 1060 6GB' (P:1 D:1)
[2020.10.24-17.24.26:895][  0]LogWindows:    1. 'NVIDIA GeForce GTX 1060 6GB' (P:0 D:0)
[2020.10.24-17.24.26:895][  0]LogWindows:    2. 'NVIDIA GeForce GTX 1060 6GB' (P:0 D:0)
[2020.10.24-17.24.26:896][  0]LogWindows:    3. 'NVIDIA GeForce GTX 1060 6GB' (P:0 D:0)
[2020.10.24-17.24.26:896][  0]LogWindows: DebugString: FoundDriverCount:4 
[2020.10.24-17.24.26:896][  0]LogD3D11RHI:     Adapter Name: NVIDIA GeForce GTX 1060 6GB
[2020.10.24-17.24.26:896][  0]LogD3D11RHI:   Driver Version: 446.14 (internal:26.21.14.4614, unified:446.14)
[2020.10.24-17.24.26:896][  0]LogD3D11RHI:      Driver Date: 5-15-2020
[2020.10.24-17.24.26:896][  0]LogRHI: Texture pool is 4236 MB (70% of 6052 MB)
[2020.10.24-17.24.26:962][  0]LogD3D11RHI: RHI has support for 64 bit atomics
[2020.10.24-17.24.26:964][  0]LogD3D11RHI: [Aftermath] Enabled and primed
[2020.10.24-17.24.26:965][  0]LogD3D11RHI: Async texture creation enabled
[2020.10.24-17.24.26:965][  0]LogD3D11RHI: Array index from any shader is supported
[2020.10.24-17.24.26:994][  0]LogD3D11RHI: GPU Timing Frequency: 1000.000000 (Debug: 2 1)
[2020.10.24-17.24.27:297][  0]LogTargetPlatformManager: Display: Loaded TargetPlatform 'AllDesktop'
[2020.10.24-17.24.27:335][  0]LogTargetPlatformManager: Display: Loaded TargetPlatform 'Android'
[2020.10.24-17.24.27:336][  0]LogTargetPlatformManager: Display: Loaded TargetPlatform 'Android_ASTC'
[2020.10.24-17.24.27:336][  0]LogTargetPlatformManager: Display: Loaded TargetPlatform 'Android_DXT'
[2020.10.24-17.24.27:336][  0]LogTargetPlatformManager: Display: Loaded TargetPlatform 'Android_ETC2'
[2020.10.24-17.24.27:336][  0]LogTargetPlatformManager: Display: Loaded TargetPlatform 'AndroidClient'
[2020.10.24-17.24.27:336][  0]LogTargetPlatformManager: Display: Loaded TargetPlatform 'Android_ASTCClient'
[2020.10.24-17.24.27:336][  0]LogTargetPlatformManager: Display: Loaded TargetPlatform 'Android_DXTClient'
[2020.10.24-17.24.27:336][  0]LogTargetPlatformManager: Display: Loaded TargetPlatform 'Android_ETC2Client'
[2020.10.24-17.24.27:336][  0]LogTargetPlatformManager: Display: Loaded TargetPlatform 'Android_Multi'
[2020.10.24-17.24.27:336][  0]LogTargetPlatformManager: Display: Loaded TargetPlatform 'Android_MultiClient'
[2020.10.24-17.24.27:416][  0]LogTargetPlatformManager: Display: Loaded TargetPlatform 'IOSClient'
[2020.10.24-17.24.27:416][  0]LogTargetPlatformManager: Display: Loaded TargetPlatform 'IOS'
[2020.10.24-17.24.27:440][  0]LogTargetPlatformManager: Display: Loaded TargetPlatform 'Linux'
[2020.10.24-17.24.27:471][  0]LogTargetPlatformManager: Display: Loaded TargetPlatform 'LinuxNoEditor'
[2020.10.24-17.24.27:494][  0]LogTargetPlatformManager: Display: Loaded TargetPlatform 'LinuxClient'
[2020.10.24-17.24.27:513][  0]LogTargetPlatformManager: Display: Loaded TargetPlatform 'LinuxServer'
[2020.10.24-17.24.27:534][  0]LogTargetPlatformManager: Display: Loaded TargetPlatform 'LinuxAArch64NoEditor'
[2020.10.24-17.24.27:555][  0]LogTargetPlatformManager: Display: Loaded TargetPlatform 'LinuxAArch64Client'
[2020.10.24-17.24.27:576][  0]LogTargetPlatformManager: Display: Loaded TargetPlatform 'LinuxAArch64Server'
[2020.10.24-17.24.27:608][  0]LogTargetPlatformManager: Display: Loaded TargetPlatform 'Lumin'
[2020.10.24-17.24.27:608][  0]LogTargetPlatformManager: Display: Loaded TargetPlatform 'LuminClient'
[2020.10.24-17.24.27:638][  0]LogTargetPlatformManager: Display: Loaded TargetPlatform 'TVOSClient'
[2020.10.24-17.24.27:638][  0]LogTargetPlatformManager: Display: Loaded TargetPlatform 'TVOS'
[2020.10.24-17.24.27:655][  0]LogTargetPlatformManager: Display: Loaded TargetPlatform 'WindowsNoEditor'
[2020.10.24-17.24.27:677][  0]LogTargetPlatformManager: Display: Loaded TargetPlatform 'Windows'
[2020.10.24-17.24.27:694][  0]LogTargetPlatformManager: Display: Loaded TargetPlatform 'WindowsClient'
[2020.10.24-17.24.27:716][  0]LogTargetPlatformManager: Display: Loaded TargetPlatform 'WindowsServer'
[2020.10.24-17.24.27:716][  0]LogTargetPlatformManager: Display: Building Assets For Windows
[2020.10.24-17.24.27:804][  0]LogAudioDebug: Display: Lib vorbis DLL was dynamically loaded.
[2020.10.24-17.24.28:162][  0]LogShaderCompilers: Guid format shader working directory is 4 characters bigger than the processId version (C:/Users/congc/Desktop/A_Fragmentary_Past/Intermediate/Shaders/WorkingDirectory/23108/).
[2020.10.24-17.24.28:162][  0]LogShaderCompilers: Cleaned the shader compiler working directory 'C:/Users/congc/AppData/Local/Temp/UnrealShaderWorkingDir/8FDB13C54BD4DA41820F5D81807004EB/'.
[2020.10.24-17.24.28:174][  0]LogXGEController: Cannot use XGE Controller as Incredibuild is not installed on this machine.
[2020.10.24-17.24.28:174][  0]LogShaderCompilers: Cannot use XGE Shader Compiler as Incredibuild is not installed on this machine.
[2020.10.24-17.24.28:174][  0]LogShaderCompilers: Display: Using Local Shader Compiler.
[2020.10.24-17.24.29:202][  0]LogDerivedDataCache: Display: Max Cache Size: 512 MB
[2020.10.24-17.24.29:429][  0]LogDerivedDataCache: Loaded boot cache 0.23s 79MB C:/Users/congc/AppData/Local/UnrealEngine/4.25/DerivedDataCache/Boot.ddc.
[2020.10.24-17.24.29:429][  0]LogDerivedDataCache: Display: Loaded Boot cache: C:/Users/congc/AppData/Local/UnrealEngine/4.25/DerivedDataCache/Boot.ddc
[2020.10.24-17.24.29:429][  0]LogDerivedDataCache: FDerivedDataBackendGraph:  Pak pak cache file C:/Users/congc/Desktop/A_Fragmentary_Past/DerivedDataCache/DDC.ddp not found, will not use a pak cache.
[2020.10.24-17.24.29:430][  0]LogDerivedDataCache: Unable to find inner node Pak for hierarchical cache Hierarchy.
[2020.10.24-17.24.29:430][  0]LogDerivedDataCache: FDerivedDataBackendGraph:  CompressedPak pak cache file C:/Users/congc/Desktop/A_Fragmentary_Past/DerivedDataCache/Compressed.ddp not found, will not use a pak cache.
[2020.10.24-17.24.29:430][  0]LogDerivedDataCache: Unable to find inner node CompressedPak for hierarchical cache Hierarchy.
[2020.10.24-17.24.29:456][  0]LogDerivedDataCache: Display: Pak cache opened for reading ../../../Engine/DerivedDataCache/Compressed.ddp.
[2020.10.24-17.24.29:456][  0]LogDerivedDataCache: FDerivedDataBackendGraph:  EnterprisePak pak cache file ../../../Enterprise/DerivedDataCache/Compressed.ddp not found, will not use a pak cache.
[2020.10.24-17.24.29:456][  0]LogDerivedDataCache: Unable to find inner node EnterprisePak for hierarchical cache Hierarchy.
[2020.10.24-17.24.29:460][  0]LogDerivedDataCache: Using Local data cache path C:/Users/congc/AppData/Local/UnrealEngine/Common/DerivedDataCache: Writable
[2020.10.24-17.24.29:461][  0]LogDerivedDataCache: Shared data cache path not found in *engine.ini, will not use an Shared cache.
[2020.10.24-17.24.29:461][  0]LogDerivedDataCache: Unable to find inner node Shared for hierarchical cache Hierarchy.
[2020.10.24-17.24.29:535][  0]LogSlate: Using FreeType 2.10.0
[2020.10.24-17.24.29:546][  0]LogSlate: SlateFontServices - WITH_FREETYPE: 1, WITH_HARFBUZZ: 1
[2020.10.24-17.24.29:942][  0]LogAssetRegistry: FAssetRegistry took 0.0055 seconds to start up
[2020.10.24-17.24.30:272][  0]LogInit: Selected Device Profile: [Windows]
[2020.10.24-17.24.30:746][  0]LogMeshReduction: Using QuadricMeshReduction for automatic static mesh reduction
[2020.10.24-17.24.30:746][  0]LogMeshReduction: Using SimplygonMeshReduction for automatic skeletal mesh reduction
[2020.10.24-17.24.30:746][  0]LogMeshReduction: Using ProxyLODMeshReduction for automatic mesh merging
[2020.10.24-17.24.30:746][  0]LogMeshReduction: No distributed automatic mesh merging module available
[2020.10.24-17.24.30:746][  0]LogMeshMerging: No distributed automatic mesh merging module available
[2020.10.24-17.24.30:771][  0]LogNetVersion: A_Fragmentary_Past 1.0.0, NetCL: 13144385, EngineNetVer: 14, GameNetVer: 0 (Checksum: 356674428)
[2020.10.24-17.24.40:996][  0]LogAISub: UAISubsystem::UAISubsystem AISubsystem (0000027AB4B97740), frame # 0
[2020.10.24-17.24.40:996][  0]LogAISub: UAISubsystem::UAISubsystem AIPerceptionSystem (0000027AB4BA2AC0), frame # 0
[2020.10.24-17.24.40:997][  0]LogAISub: UAISubsystem::UAISubsystem EnvQueryManager (0000027AB4BE9C00), frame # 0
[2020.10.24-17.24.41:086][  0]LogPackageLocalizationCache: Processed 20 localized package path(s) for 1 prioritized culture(s) in 0.059850 seconds
[2020.10.24-17.24.41:091][  0]LogUObjectArray: 15917 objects as part of root set at end of initial load.
[2020.10.24-17.24.41:091][  0]LogUObjectAllocator: 3965568 out of 0 bytes used by permanent object pool.
[2020.10.24-17.24.41:091][  0]LogUObjectArray: CloseDisregardForGC: 0/0 objects in disregard for GC pool
[2020.10.24-17.24.44:510][  0]LogTcpMessaging: Initializing TcpMessaging bridge
[2020.10.24-17.24.44:540][  0]LogUdpMessaging: Initializing bridge on interface 0.0.0.0:0 to multicast group 230.0.0.1:6666.
[2020.10.24-17.24.45:504][  0]SourceControl: Source control is disabled
[2020.10.24-17.24.51:029][  0]LogAndroidPermission: UAndroidPermissionCallbackProxy::GetInstance
[2020.10.24-17.24.51:293][  0]LogAudioCaptureCore: Display: No Audio Capture implementations found. Audio input will be silent.
[2020.10.24-17.24.51:293][  0]LogAudioCaptureCore: Display: No Audio Capture implementations found. Audio input will be silent.
[2020.10.24-17.24.51:856][  0]LogOcInput: OculusInput pre-init called
[2020.10.24-17.24.51:947][  0]LogWindows: Failed to load 'OVRPlugin.dll' (GetLastError=126)
[2020.10.24-17.24.51:947][  0]LogWindows: File 'OVRPlugin.dll' does not exist
[2020.10.24-17.24.52:530][  0]LogEngine: Initializing Engine...
[2020.10.24-17.24.52:532][  0]LogHMD: Failed to initialize OpenVR with code 110
[2020.10.24-17.24.52:533][  0]LogMagicLeap: Warning: VR disabled because ZI is not enabled.  To enable, in the editor, Edit -> Project Settings -> Plugins -> Magic Leap Plugin -> Enable Zero Iteration
[2020.10.24-17.24.52:534][  0]LogStats: UGameplayTagsManager::InitializeManager -  0.000 s
[2020.10.24-17.24.52:648][  0]LogInit: Initializing FReadOnlyCVARCache
[2020.10.24-17.24.52:757][  0]LogAIModule: Creating AISystem for world Untitled
[2020.10.24-17.24.52:757][  0]LogAISub: UAISubsystem::UAISubsystem EnvQueryManager (0000027AB7F77C00), frame # 0
[2020.10.24-17.24.52:757][  0]LogAISub: UAISubsystem::UAISubsystem AIPerceptionSystem (0000027AB7FE47C0), frame # 0
[2020.10.24-17.24.52:859][  0]LogAudioMixer: Display: Audio Mixer Platform Settings:
[2020.10.24-17.24.52:859][  0]LogAudioMixer: Display: 	Sample Rate:						  48000
[2020.10.24-17.24.52:859][  0]LogAudioMixer: Display: 	Callback Buffer Frame Size Requested: 1024
[2020.10.24-17.24.52:860][  0]LogAudioMixer: Display: 	Callback Buffer Frame Size To Use:	  1024
[2020.10.24-17.24.52:860][  0]LogAudioMixer: Display: 	Number of buffers to queue:			  2
[2020.10.24-17.24.52:860][  0]LogAudioMixer: Display: 	Max Channels (voices):				  32
[2020.10.24-17.24.52:860][  0]LogAudioMixer: Display: 	Number of Async Source Workers:		  0
[2020.10.24-17.24.52:860][  0]LogAudio: Display: AudioDevice MaxSources: 32
[2020.10.24-17.24.52:861][  0]LogAudio: Display: Using built-in audio occlusion.
[2020.10.24-17.24.52:861][  0]LogAudioMixer: Display: Initializing audio mixer.
[2020.10.24-17.24.52:969][  0]LogAudioMixer: Display: 0: FrontLeft
[2020.10.24-17.24.52:969][  0]LogAudioMixer: Display: 1: FrontRight
[2020.10.24-17.24.53:097][  0]LogAudioMixer: Display: Using Audio Device Speakers (Realtek High Definition Audio)
[2020.10.24-17.24.53:102][  0]LogAudioMixer: Display: Initializing Sound Submixes...
[2020.10.24-17.24.53:103][  0]LogAudioMixer: Display: Creating Master Submix 'MasterSubmixDefault'
[2020.10.24-17.24.53:104][  0]LogAudioMixer: Display: Creating Master Submix 'MasterReverbSubmixDefault'
[2020.10.24-17.24.53:105][  0]LogAudioMixer: Display: Creating Master Submix 'MasterEQSubmixDefault'
[2020.10.24-17.24.53:106][  0]LogInit: FAudioDevice initialized.
[2020.10.24-17.24.53:107][  0]LogNetVersion: Set ProjectVersion to 1.0.0.0. Version Checksum will be recalculated on next use.
[2020.10.24-17.24.53:190][  0]LogDerivedDataCache: Saved boot cache 0.08s 79MB C:/Users/congc/AppData/Local/UnrealEngine/4.25/DerivedDataCache/Boot.ddc.
[2020.10.24-17.24.53:194][  0]LogInit: Texture streaming: Enabled
[2020.10.24-17.24.53:347][  0]LogEngineSessionManager: EngineSessionManager initialized
[2020.10.24-17.24.53:348][  0]LogEditorSessionSummary: Verbose: Initializing EditorSessionSummaryWriter for editor session tracking
[2020.10.24-17.24.53:358][  0]LogEditorSessionSummary: EditorSessionSummaryWriter initialized
[2020.10.24-17.24.53:602][  0]LogInit: Transaction tracking system initialized
[2020.10.24-17.24.54:310][  0]BlueprintLog: New page: Editor Load
[2020.10.24-17.24.55:616][  0]LocalizationService: Localization service is disabled
[2020.10.24-17.24.57:035][  0]LogCook: Display: Max memory allowance for cook 16384mb min free memory 0mb
[2020.10.24-17.24.57:035][  0]LogCook: Display: Mobile HDR setting 1
[2020.10.24-17.24.57:845][  0]LogFileCache: Scanning file cache for directory 'C:/Users/congc/Desktop/A_Fragmentary_Past/Content/' took 0.00s
[2020.10.24-17.24.59:468][  0]LogUnrealEdMisc: Loading editor; pre map load, took 39.886
[2020.10.24-17.24.59:468][  0]Cmd: MAP LOAD FILE="C:/Users/congc/Desktop/A_Fragmentary_Past/Content/ThirdPersonBP/Maps/ThirdPersonExampleMap.umap" TEMPLATE=0 SHOWPROGRESS=1 FEATURELEVEL=3
[2020.10.24-17.24.59:469][  0]LightingResults: New page: Lighting Build
[2020.10.24-17.24.59:487][  0]LogWorld: UWorld::CleanupWorld for Untitled, bSessionEnded=true, bCleanupResources=true
[2020.10.24-17.24.59:488][  0]LogSlate: InvalidateAllWidgets triggered.  All widgets were invalidated
[2020.10.24-17.24.59:488][  0]MapCheck: New page: Map Check
[2020.10.24-17.24.59:488][  0]LightingResults: New page: Lighting Build
[2020.10.24-17.24.59:505][  0]LogAISub: UAISubsystem::~UAISubsystem EnvQueryManager (0000027AB7F77C00), frame # 0
[2020.10.24-17.24.59:505][  0]LogAISub: UAISubsystem::~UAISubsystem AIPerceptionSystem (0000027AB7FE47C0), frame # 0
[2020.10.24-17.24.59:506][  0]LogUObjectHash: Compacting FUObjectHashTables data took   0.71ms
[2020.10.24-17.25.00:039][  0]LogAIModule: Creating AISystem for world ThirdPersonExampleMap
[2020.10.24-17.25.00:039][  0]LogAISub: UAISubsystem::UAISubsystem EnvQueryManager (0000027AA5E81400), frame # 0
[2020.10.24-17.25.00:039][  0]LogAISub: UAISubsystem::UAISubsystem AIPerceptionSystem (0000027AA5F01440), frame # 0
[2020.10.24-17.25.00:066][  0]LogEditorServer: Finished looking for orphan Actors (0.000 secs)
[2020.10.24-17.25.00:079][  0]LogUObjectHash: Compacting FUObjectHashTables data took   0.73ms
[2020.10.24-17.25.00:080][  0]Cmd: MAP CHECKDEP NOCLEARLOG
[2020.10.24-17.25.00:080][  0]MapCheck: Map check complete: 0 Error(s), 0 Warning(s), took 0.185ms to complete.
[2020.10.24-17.25.00:080][  0]LogFileHelpers: Loading map 'ThirdPersonExampleMap' took 0.612
[2020.10.24-17.25.00:083][  0]LogUnrealEdMisc: Total Editor Startup Time, took 40.501
[2020.10.24-17.25.00:298][  0]LogSlate: Updating window title bar state: overlay mode, drag disabled, window buttons hidden, title bar hidden
[2020.10.24-17.25.00:306][  0]LogSlate: Updating window title bar state: overlay mode, drag disabled, window buttons hidden, title bar hidden
[2020.10.24-17.25.00:314][  0]LogSlate: Updating window title bar state: overlay mode, drag disabled, window buttons hidden, title bar hidden
[2020.10.24-17.25.00:321][  0]LogSlate: Updating window title bar state: overlay mode, drag disabled, window buttons hidden, title bar hidden
[2020.10.24-17.25.00:344][  0]LogCollectionManager: Loaded 0 collections in 0.000737 seconds
[2020.10.24-17.25.00:395][  0]LogFileCache: Scanning file cache for directory 'C:/Users/congc/Desktop/A_Fragmentary_Past/Saved/Collections/' took 0.00s
[2020.10.24-17.25.00:395][  0]LogFileCache: Scanning file cache for directory 'C:/Users/congc/Desktop/A_Fragmentary_Past/Content/Developers/congc/Collections/' took 0.00s
[2020.10.24-17.25.00:395][  0]LogFileCache: Scanning file cache for directory 'C:/Users/congc/Desktop/A_Fragmentary_Past/Content/Collections/' took 0.00s
[2020.10.24-17.25.00:395][  0]LogContentBrowser: Native class hierarchy populated in 0.0084 seconds. Added 3429 classes and 826 folders.
[2020.10.24-17.25.00:453][  0]LogContentBrowser: Native class hierarchy updated for 'WidgetCarousel' in 0.0003 seconds. Added 0 classes and 0 folders.
[2020.10.24-17.25.03:230][  0]LogContentBrowser: Native class hierarchy updated for 'AddContentDialog' in 0.0005 seconds. Added 0 classes and 0 folders.
[2020.10.24-17.25.03:232][  0]LogContentBrowser: Native class hierarchy updated for 'SceneOutliner' in 0.0005 seconds. Added 2 classes and 0 folders.
[2020.10.24-17.25.03:304][  0]LogSlate: Took 0.020110 seconds to synchronously load lazily loaded font '../../../Engine/Content/Slate/Fonts/Roboto-Regular.ttf' (155K)
[2020.10.24-17.25.03:333][  0]LogSlate: Took 0.028104 seconds to synchronously load lazily loaded font '../../../Engine/Content/Slate/Fonts/Roboto-Bold.ttf' (160K)
[2020.10.24-17.25.03:374][  0]LogSlate: Took 0.036444 seconds to synchronously load lazily loaded font '../../../Engine/Content/Editor/Slate/Fonts/FontAwesome.ttf' (139K)
[2020.10.24-17.25.03:516][  0]LogRenderer: Reallocating scene render targets to support 1208x572 Format 10 NumSamples 1 (Frame:1).
[2020.10.24-17.25.03:671][  0]LogContentBrowser: Native class hierarchy updated for 'HierarchicalLODOutliner' in 0.0004 seconds. Added 0 classes and 0 folders.
[2020.10.24-17.25.03:671][  0]LogLoad: (Engine Initialization) Total time: 44.09 seconds
[2020.10.24-17.25.03:671][  0]LogLoad: (Engine Initialization) Total Blueprint compile time: 0.00 seconds
[2020.10.24-17.25.03:706][  0]LogAssetRegistry: Asset discovery search completed in 33.7676 seconds
[2020.10.24-17.25.03:710][  0]LogCollectionManager: Fixed up redirectors for 0 collections in 0.000002 seconds (updated 0 objects)
[2020.10.24-17.25.03:718][  0]LogContentStreaming: Texture pool size now 1000 MB
[2020.10.24-17.27.38:669][100]LogSlate: Took 0.014879 seconds to synchronously load lazily loaded font '../../../Engine/Content/Slate/Fonts/Roboto-Light.ttf' (167K)
[2020.10.24-17.27.49:954][425]LogSlate: Took 0.000125 seconds to synchronously load lazily loaded font '../../../Engine/Content/Slate/Fonts/Roboto-Light.ttf' (167K)
[2020.10.24-17.27.49:977][425]LogAssetEditorSubsystem: Opening Asset editor for Class /Script/A_Fragmentary_Past.AI
[2020.10.24-17.28.24:836][596]LogSlate: WidgetSwitcher ('None') active index changed to -1
[2020.10.24-17.28.24:836][596]LogSlate: WidgetSwitcher ('None') active index changed to 1
[2020.10.24-17.28.24:905][596]LogSlate: Took 0.018162 seconds to synchronously load lazily loaded font '../../../Engine/Content/Slate/Fonts/Roboto-BoldCondensed.ttf' (158K)
[2020.10.24-17.28.31:608][391]LogAssetEditorSubsystem: Opening Asset editor for Blueprint /Game/AI/MyAI.MyAI
[2020.10.24-17.28.31:794][391]LogContentBrowser: Native class hierarchy updated for 'BlueprintGraph' in 0.0006 seconds. Added 125 classes and 0 folders.
[2020.10.24-17.28.32:686][391]LogSlate: Window 'Add Blueprint Class' being destroyed
[2020.10.24-17.28.37:943][984]LogRenderer: Reallocating scene render targets to support 1208x712 Format 10 NumSamples 1 (Frame:581).
[2020.10.24-17.28.38:515][ 46]LogSlate: Took 0.028967 seconds to synchronously load lazily loaded font '../../../Engine/Content/Slate/Fonts/Roboto-Italic.ttf' (157K)
[2020.10.24-17.35.05:372][607]LogUObjectHash: Compacting FUObjectHashTables data took   2.08ms
[2020.10.24-17.35.05:374][607]LogFileHelpers: Editor autosave (incl. sublevels) for '/Game/ThirdPersonBP/Maps/ThirdPersonExampleMap' took 0.027
[2020.10.24-17.35.05:375][607]OBJ SavePackage: Generating thumbnails for [0] asset(s) in package [/Game/AI/MyAI] ([1] browsable assets)...
[2020.10.24-17.35.05:375][607]OBJ SavePackage: Finished generating thumbnails for package [/Game/AI/MyAI]
[2020.10.24-17.35.05:375][607]Cmd: OBJ SAVEPACKAGE PACKAGE="/Game/AI/MyAI" FILE="C:/Users/congc/Desktop/A_Fragmentary_Past/Saved/Autosaves/Game/AI/MyAI_Auto1.uasset" SILENT=false AUTOSAVING=true
[2020.10.24-17.35.05:388][607]LogSavePackage: Moving 'C:/Users/congc/Desktop/A_Fragmentary_Past/Saved/MyAI_Auto1F1BE3DB741ABFECF07EA098CD84CF54F.tmp' to 'C:/Users/congc/Desktop/A_Fragmentary_Past/Saved/Autosaves/Game/AI/MyAI_Auto1.uasset'
[2020.10.24-17.35.05:389][607]LogFileHelpers: Auto-saving content packages took 0.015
[2020.10.24-19.07.28:790][528]SourceControl: fatal: D:/UE_4.25/Engine/Content/EditorMeshes/SkeletalMesh/DefaultSkeletalMesh.uasset: 'D:/UE_4.25/Engine/Content/EditorMeshes/SkeletalMesh/DefaultSkeletalMesh.uasset' is outside repository at 'C:/Users/congc/Desktop/A_Fragmentary_Past'
[2020.10.24-19.07.28:791][528]SourceControl: fatal: D:/UE_4.25/Engine/Content/EngineMeshes/SkeletalCube.uasset: 'D:/UE_4.25/Engine/Content/EngineMeshes/SkeletalCube.uasset' is outside repository at 'C:/Users/congc/Desktop/A_Fragmentary_Past'
[2020.10.24-19.07.28:791][528]SourceControl: fatal: D:/UE_4.25/Engine/Content/Tutorial/SubEditors/TutorialAssets/Character/TutorialTPP.uasset: 'D:/UE_4.25/Engine/Content/Tutorial/SubEditors/TutorialAssets/Character/TutorialTPP.uasset' is outside repository at 'C:/Users/congc/Desktop/A_Fragmentary_Past'
[2020.10.24-19.07.36:356][359]SourceControl: fatal: D:/UE_4.25/Engine/Content/EditorMeshes/SkeletalMesh/DefaultSkeletalMesh.uasset: 'D:/UE_4.25/Engine/Content/EditorMeshes/SkeletalMesh/DefaultSkeletalMesh.uasset' is outside repository at 'C:/Users/congc/Desktop/A_Fragmentary_Past'
[2020.10.24-19.07.36:356][359]SourceControl: fatal: D:/UE_4.25/Engine/Content/EngineMeshes/SkeletalCube.uasset: 'D:/UE_4.25/Engine/Content/EngineMeshes/SkeletalCube.uasset' is outside repository at 'C:/Users/congc/Desktop/A_Fragmentary_Past'
[2020.10.24-19.07.36:357][359]SourceControl: fatal: D:/UE_4.25/Engine/Content/Tutorial/SubEditors/TutorialAssets/Character/TutorialTPP.uasset: 'D:/UE_4.25/Engine/Content/Tutorial/SubEditors/TutorialAssets/Character/TutorialTPP.uasset' is outside repository at 'C:/Users/congc/Desktop/A_Fragmentary_Past'
[2020.10.24-19.08.25:627][701]LogSlate: Prevented a slow task dialog from being summoned while a context menu was open
[2020.10.24-19.08.30:428][222]BlueprintLog: New page: Compile MyAI
[2020.10.24-19.08.30:474][222]LogUObjectHash: Compacting FUObjectHashTables data took   1.50ms
[2020.10.24-19.08.30:534][222]LogSlate: Took 0.035948 seconds to synchronously load lazily loaded font '../../../Engine/Content/Slate/Fonts/DroidSansMono.ttf' (77K)
[2020.10.24-19.09.07:055][611]LogAssetEditorSubsystem: Opening Asset editor for World /Game/_TestingLevels/Jiajia_TestingLevel.Jiajia_TestingLevel
[2020.10.24-19.09.07:085][611]LogUObjectHash: Compacting FUObjectHashTables data took   1.55ms
[2020.10.24-19.09.08:795][611]LogSlate: Window 'Save Content' being destroyed
[2020.10.24-19.09.08:881][611]Cmd: OBJ SAVEPACKAGE PACKAGE="/Game/AI/MyAI" FILE="C:/Users/congc/Desktop/A_Fragmentary_Past/Content/AI/MyAI.uasset" SILENT=true
[2020.10.24-19.09.08:898][611]LogSavePackage: Moving 'C:/Users/congc/Desktop/A_Fragmentary_Past/Saved/MyAICA813EF04C63CCB1699BBEADA22398A6.tmp' to 'C:/Users/congc/Desktop/A_Fragmentary_Past/Content/AI/MyAI.uasset'
[2020.10.24-19.09.09:046][611]Cmd: MAP LOAD FILE="C:/Users/congc/Desktop/A_Fragmentary_Past/Content/_TestingLevels/Jiajia_TestingLevel.umap" TEMPLATE=0 SHOWPROGRESS=1 FEATURELEVEL=3
[2020.10.24-19.09.09:046][611]LightingResults: New page: Lighting Build
[2020.10.24-19.09.09:046][611]LoadErrors: New page: Loading map: Jiajia_TestingLevel.umap
[2020.10.24-19.09.09:048][611]LogWorld: UWorld::CleanupWorld for ThirdPersonExampleMap, bSessionEnded=true, bCleanupResources=true
[2020.10.24-19.09.09:048][611]LogSlate: InvalidateAllWidgets triggered.  All widgets were invalidated
[2020.10.24-19.09.09:048][611]MapCheck: New page: Map Check
[2020.10.24-19.09.09:048][611]LightingResults: New page: Lighting Build
[2020.10.24-19.09.09:065][611]LogAISub: UAISubsystem::~UAISubsystem EnvQueryManager (0000027AA5E81400), frame # 34611
[2020.10.24-19.09.09:065][611]LogAISub: UAISubsystem::~UAISubsystem AIPerceptionSystem (0000027AA5F01440), frame # 34611
[2020.10.24-19.09.09:067][611]LogUObjectHash: Compacting FUObjectHashTables data took   1.50ms
[2020.10.24-19.09.09:127][611]LogEditorServer: Finished looking for orphan Actors (0.000 secs)
[2020.10.24-19.09.09:127][611]LogAIModule: Creating AISystem for world Jiajia_TestingLevel
[2020.10.24-19.09.09:127][611]LogAISub: UAISubsystem::UAISubsystem EnvQueryManager (0000027AD859F600), frame # 34611
[2020.10.24-19.09.09:127][611]LogAISub: UAISubsystem::UAISubsystem AIPerceptionSystem (0000027AA5E41800), frame # 34611
[2020.10.24-19.09.09:146][611]LogUObjectHash: Compacting FUObjectHashTables data took   1.29ms
[2020.10.24-19.09.09:165][611]Cmd: MAP CHECKDEP NOCLEARLOG
[2020.10.24-19.09.09:165][611]MapCheck: Map check complete: 0 Error(s), 0 Warning(s), took 0.139ms to complete.
[2020.10.24-19.09.09:165][611]LogFileHelpers: Loading map 'Jiajia_TestingLevel' took 0.119
[2020.10.24-19.09.09:199][611]AssetCheck: New page: Asset Save: MyAI
[2020.10.24-19.09.09:199][611]LogContentValidation: Display: Validating Blueprint /Game/AI/MyAI.MyAI
[2020.10.24-19.09.16:370][393]LogTemp: Repeating last play command: Selected Viewport
[2020.10.24-19.09.16:383][393]LogPlayLevel: PlayLevel: No blueprints needed recompiling
[2020.10.24-19.09.16:383][393]PIE: New page: PIE session: Jiajia_TestingLevel (Oct 24, 2020, 11:09:16 AM)
[2020.10.24-19.09.16:385][393]LogOnline: OSS: Creating online subsystem instance for: NULL
[2020.10.24-19.09.16:388][393]LogOnline: OSS: TryLoadSubsystemAndSetDefault: Loaded subsystem for module [NULL]
[2020.10.24-19.09.16:388][393]LogPlayLevel: Creating play world package: /Game/_TestingLevels/UEDPIE_0_Jiajia_TestingLevel
[2020.10.24-19.09.16:390][393]LogPlayLevel: PIE: StaticDuplicateObject took: (0.001745s)
[2020.10.24-19.09.16:391][393]LogAIModule: Creating AISystem for world Jiajia_TestingLevel
[2020.10.24-19.09.16:391][393]LogAISub: UAISubsystem::UAISubsystem EnvQueryManager (0000027AE8A48200), frame # 35393
[2020.10.24-19.09.16:391][393]LogAISub: UAISubsystem::UAISubsystem AIPerceptionSystem (0000027AD8493D80), frame # 35393
[2020.10.24-19.09.16:391][393]LogPlayLevel: PIE: World Init took: (0.001197s)
[2020.10.24-19.09.16:391][393]LogPlayLevel: PIE: Created PIE world by copying editor world from /Game/_TestingLevels/Jiajia_TestingLevel.Jiajia_TestingLevel to /Game/_TestingLevels/UEDPIE_0_Jiajia_TestingLevel.Jiajia_TestingLevel (0.003254s)
[2020.10.24-19.09.16:408][393]LogUObjectHash: Compacting FUObjectHashTables data took   1.66ms
[2020.10.24-19.09.16:409][393]LogAudioMixer: Display: Audio Mixer Platform Settings:
[2020.10.24-19.09.16:409][393]LogAudioMixer: Display: 	Sample Rate:						  48000
[2020.10.24-19.09.16:409][393]LogAudioMixer: Display: 	Callback Buffer Frame Size Requested: 1024
[2020.10.24-19.09.16:409][393]LogAudioMixer: Display: 	Callback Buffer Frame Size To Use:	  1024
[2020.10.24-19.09.16:409][393]LogAudioMixer: Display: 	Number of buffers to queue:			  2
[2020.10.24-19.09.16:409][393]LogAudioMixer: Display: 	Max Channels (voices):				  32
[2020.10.24-19.09.16:409][393]LogAudioMixer: Display: 	Number of Async Source Workers:		  0
[2020.10.24-19.09.16:409][393]LogAudio: Display: AudioDevice MaxSources: 32
[2020.10.24-19.09.16:410][393]LogAudio: Display: Using built-in audio occlusion.
[2020.10.24-19.09.16:410][393]LogAudioMixer: Display: Initializing audio mixer.
[2020.10.24-19.09.16:416][393]LogAudioMixer: Display: 0: FrontLeft
[2020.10.24-19.09.16:416][393]LogAudioMixer: Display: 1: FrontRight
[2020.10.24-19.09.16:474][393]LogAudioMixer: Display: Using Audio Device Speakers (Realtek High Definition Audio)
[2020.10.24-19.09.16:475][393]LogAudioMixer: Display: Initializing Sound Submixes...
[2020.10.24-19.09.16:475][393]LogAudioMixer: Display: Creating Master Submix 'MasterSubmixDefault'
[2020.10.24-19.09.16:475][393]LogAudioMixer: Display: Creating Master Submix 'MasterReverbSubmixDefault'
[2020.10.24-19.09.16:475][393]LogAudioMixer: Display: Creating Master Submix 'MasterEQSubmixDefault'
[2020.10.24-19.09.16:487][393]LogInit: FAudioDevice initialized.
[2020.10.24-19.09.16:498][393]LogLoad: Game class is 'ThirdPersonGameMode_C'
[2020.10.24-19.09.16:500][393]LogWorld: Bringing World /Game/_TestingLevels/UEDPIE_0_Jiajia_TestingLevel.Jiajia_TestingLevel up for play (max tick rate 0) at 2020.10.24-15.09.16
[2020.10.24-19.09.16:604][393]LogWorld: Bringing up level for play took: 0.105012
[2020.10.24-19.09.16:605][393]LogOnline: OSS: Creating online subsystem instance for: :Context_5
[2020.10.24-19.09.16:672][393]LogContentBrowser: Native class hierarchy updated for 'MovieSceneCapture' in 0.0009 seconds. Added 20 classes and 0 folders.
[2020.10.24-19.09.16:691][393]PIE: Server logged in
[2020.10.24-19.09.16:693][393]PIE: Play in editor total start time 0.313 seconds.
[2020.10.24-19.09.34:318][443]LogSlate: Updating window title bar state: overlay mode, drag disabled, window buttons hidden, title bar hidden
[2020.10.24-19.09.34:319][443]LogWorld: BeginTearingDown for /Game/_TestingLevels/UEDPIE_0_Jiajia_TestingLevel
[2020.10.24-19.09.34:319][443]LogWorld: UWorld::CleanupWorld for Jiajia_TestingLevel, bSessionEnded=true, bCleanupResources=true
[2020.10.24-19.09.34:319][443]LogSlate: InvalidateAllWidgets triggered.  All widgets were invalidated
[2020.10.24-19.09.34:335][443]LogPlayLevel: Display: Shutting down PIE online subsystems
[2020.10.24-19.09.34:341][443]LogSlate: InvalidateAllWidgets triggered.  All widgets were invalidated
[2020.10.24-19.09.34:406][443]LogSlate: Updating window title bar state: overlay mode, drag disabled, window buttons hidden, title bar hidden
[2020.10.24-19.09.34:412][443]LogAISub: UAISubsystem::~UAISubsystem AIPerceptionSystem (0000027AD8493D80), frame # 37443
[2020.10.24-19.09.34:412][443]LogAISub: UAISubsystem::~UAISubsystem EnvQueryManager (0000027AE8A48200), frame # 37443
[2020.10.24-19.09.34:429][443]LogUObjectHash: Compacting FUObjectHashTables data took   3.15ms
[2020.10.24-19.09.34:453][444]LogPlayLevel: Display: Destroying online subsystem :Context_5
[2020.10.24-19.15.40:409][767]LogSlate: WidgetSwitcher ('None') active index changed to -1
[2020.10.24-19.15.40:409][767]LogSlate: WidgetSwitcher ('None') active index changed to 0
[2020.10.24-19.15.44:608][183]LogSlate: Warning: Slate: Had to block on waiting for a draw buffer
[2020.10.24-19.15.52:029][ 43]LogSlate: WidgetSwitcher ('None') active index changed to 1
[2020.10.24-19.16.13:143][560]Running D:/UE_4.25/Engine/Binaries/DotNET/UnrealBuildTool.exe  -projectfiles -project="C:/Users/congc/Desktop/A_Fragmentary_Past/A_Fragmentary_Past.uproject" -game -rocket -progress
[2020.10.24-19.16.13:548][560]Discovering modules, targets and source code for project...
[2020.10.24-19.16.14:555][560]Binding IntelliSense data...
[2020.10.24-19.16.16:787][560]Binding IntelliSense data... 100%
[2020.10.24-19.16.16:787][560]Writing project files...
[2020.10.24-19.16.20:310][560]Writing project files... 100%
[2020.10.24-19.16.20:620][560]Candidate modules for hot reload:
[2020.10.24-19.16.20:620][560]  A_Fragmentary_Past
[2020.10.24-19.16.20:621][560]Launching UnrealBuildTool... [D:/UE_4.25/Engine/Binaries/DotNET/UnrealBuildTool.exe  -ModuleWithSuffix=A_Fragmentary_Past,4076 A_Fragmentary_PastEditor Win64 Development -Project="C:/Users/congc/Desktop/A_Fragmentary_Past/A_Fragmentary_Past.uproject" "C:/Users/congc/Desktop/A_Fragmentary_Past/A_Fragmentary_Past.uproject"  -IgnoreJunk]
[2020.10.24-19.16.30:506][560]CompilerResultsLog: New page: Compilation - Oct 24, 2020, 11:16:30 AM
[2020.10.24-19.16.30:506][560]CompilerResultsLog: Using 'git status' to determine working set for adaptive non-unity build (C:\Users\congc\Desktop\A_Fragmentary_Past).
[2020.10.24-19.16.30:506][560]CompilerResultsLog: Creating makefile for A_Fragmentary_PastEditor (no existing makefile)
[2020.10.24-19.16.30:506][560]CompilerResultsLog: Parsing headers for A_Fragmentary_PastEditor
[2020.10.24-19.16.30:506][560]CompilerResultsLog:   Running UnrealHeaderTool "C:\Users\congc\Desktop\A_Fragmentary_Past\A_Fragmentary_Past.uproject" "C:\Users\congc\Desktop\A_Fragmentary_Past\Intermediate\Build\Win64\A_Fragmentary_PastEditor\Development\A_Fragmentary_PastEditor.uhtmanifest" -LogCmds="loginit warning, logexit warning, logdatabase error" -Unattended -WarningsAsErrors -abslog="C:\Users\congc\AppData\Local\UnrealBuildTool\Log_UHT.txt" -installed
[2020.10.24-19.16.30:506][560]CompilerResultsLog: Reflection code generated for A_Fragmentary_PastEditor in 4.8894994 seconds
[2020.10.24-19.16.30:507][560]CompilerResultsLog: Building A_Fragmentary_PastEditor...
[2020.10.24-19.16.30:507][560]CompilerResultsLog: Using Visual Studio 2019 14.27.29111 toolchain (C:\Program Files (x86)\Microsoft Visual Studio\2019\Community\VC\Tools\MSVC\14.27.29110) and Windows 10.0.18362.0 SDK (C:\Program Files (x86)\Windows Kits\10).
[2020.10.24-19.16.30:507][560]CompilerResultsLog: Building 7 actions with 4 processes...
[2020.10.24-19.16.30:507][560]CompilerResultsLog:   [1/7] A_Fragmentary_Past.init.gen.cpp
[2020.10.24-19.16.30:507][560]CompilerResultsLog:   [2/7] AI.cpp
[2020.10.24-19.16.30:507][560]CompilerResultsLog:   [3/7] Muh_AIController.cpp
[2020.10.24-19.16.30:507][560]CompilerResultsLog:   [4/7] Muh_AIController.gen.cpp
[2020.10.24-19.16.30:507][560]CompilerResultsLog:   [5/7] UE4Editor-A_Fragmentary_Past-4076.lib
[2020.10.24-19.16.30:507][560]CompilerResultsLog:      Creating library C:\Users\congc\Desktop\A_Fragmentary_Past\Intermediate\Build\Win64\UE4Editor\Development\A_Fragmentary_Past\UE4Editor-A_Fragmentary_Past-4076.lib and object C:\Users\congc\Desktop\A_Fragmentary_Past\Intermediate\Build\Win64\UE4Editor\Development\A_Fragmentary_Past\UE4Editor-A_Fragmentary_Past-4076.exp
[2020.10.24-19.16.30:508][560]CompilerResultsLog:   [6/7] UE4Editor-A_Fragmentary_Past-4076.dll
[2020.10.24-19.16.30:508][560]CompilerResultsLog:      Creating library C:\Users\congc\Desktop\A_Fragmentary_Past\Intermediate\Build\Win64\UE4Editor\Development\A_Fragmentary_Past\UE4Editor-A_Fragmentary_Past-4076.suppressed.lib and object C:\Users\congc\Desktop\A_Fragmentary_Past\Intermediate\Build\Win64\UE4Editor\Development\A_Fragmentary_Past\UE4Editor-A_Fragmentary_Past-4076.suppressed.exp
[2020.10.24-19.16.30:508][560]CompilerResultsLog:   [7/7] A_Fragmentary_PastEditor.target
[2020.10.24-19.16.30:509][560]CompilerResultsLog: Total time in Parallel executor: 2.66 seconds
[2020.10.24-19.16.30:509][560]CompilerResultsLog: Total execution time: 9.61 seconds
[2020.10.24-19.16.30:509][560]LogMainFrame: MainFrame: Module compiling took 9.892 seconds
[2020.10.24-19.16.30:852][560]LogClass: Could not find existing class Muh_AIController in package /Script/A_Fragmentary_Past for HotReload, assuming new class
[2020.10.24-19.16.30:858][560]LogContentBrowser: Native class hierarchy updated for 'A_Fragmentary_Past' in 0.0006 seconds. Added 2 classes and 2 folders.
[2020.10.24-19.16.30:863][560]Display: HotReload successful (0 functions remapped  0 scriptstructs remapped)
[2020.10.24-19.16.32:406][560]LogContentBrowser: Native class hierarchy populated in 0.0085 seconds. Added 3430 classes and 826 folders.
[2020.10.24-19.16.32:406][560]Display: HotReload took 11.8s.
[2020.10.24-19.16.32:419][560]Warning: HotReload operation took 11.8s.
[2020.10.24-19.16.32:950][560]LogVSAccessor: Warning: Couldn't goto line number '1' in 'C:/Users/congc/Desktop/A_Fragmentary_Past/Source/A_Fragmentary_Past/Muh_AIController.h'
[2020.10.24-19.16.32:968][560]LogVSAccessor: Warning: Couldn't open file 'C:/Users/congc/Desktop/A_Fragmentary_Past/Source/A_Fragmentary_Past/Muh_AIController.cpp'.
[2020.10.24-19.16.32:978][560]LogSlate: Window 'Add C++ Class' being destroyed
[2020.10.24-19.16.33:294][560]LogHotReload: New module detected: UE4Editor-A_Fragmentary_Past-4076.dll
[2020.10.24-19.16.33:354][561]LogHotReload: Starting Hot-Reload from IDE
[2020.10.24-19.16.33:383][561]LogContentBrowser: Native class hierarchy updated for 'A_Fragmentary_Past' in 0.0004 seconds. Added 2 classes and 2 folders.
[2020.10.24-19.16.33:388][561]Display: HotReload successful (0 functions remapped  0 scriptstructs remapped)
[2020.10.24-19.16.33:403][561]LogContentBrowser: Native class hierarchy populated in 0.0084 seconds. Added 3430 classes and 826 folders.
[2020.10.24-19.16.33:406][561]Display: HotReload took  0.1s.
